<testsuites>
  <testsuite tests="3"
             failures="0"
             time="0.299971103668213"
             name="000_compile_t"
             errors="0">
    <testcase time="0.0651121139526367" name="(init)" />
    <testcase time="0.109298944473267"
              name="1 - use Ftree::FamilyTreeGraphics;"></testcase>
    <testcase name="2 - use Ftree::FamilyTreeInfo;" time="0.1164870262146"></testcase>
    <testcase time="0.00161504745483398"
              name="3 - use Ftree::PersonPage;"></testcase>
    <testcase time="0.00745797157287598" name="(teardown)" />
    <system-out><![CDATA[1..3
ok 1 - use Ftree::FamilyTreeGraphics;
ok 2 - use Ftree::FamilyTreeInfo;
ok 3 - use Ftree::PersonPage;
]]></system-out>
    <system-err></system-err>
  </testsuite>
  <testsuite name="001_basic_01_FamilyTreeInfo_t"
             errors="0"
             time="0.399549961090088"
             tests="1"
             failures="0">
    <testcase time="0.065051794052124" name="(init)" />
    <testcase time="0.324420213699341"
              name="1 - 'Ftree::FamilyTreeInfo-&gt;new' isa 'Ftree::FamilyTreeInfo'"></testcase>
    <testcase time="0.010077953338623" name="(teardown)" />
    <system-out><![CDATA[1..1
ok 1 - 'Ftree::FamilyTreeInfo->new' isa 'Ftree::FamilyTreeInfo'
]]></system-out>
    <system-err></system-err>
  </testsuite>
  <testsuite time="0.202339172363281"
             errors="0"
             name="001_basic_02_FamilyTreeBase_t"
             failures="0"
             tests="1">
    <testcase time="0.0624251365661621" name="(init)" />
    <testcase time="0.132858991622925"
              name="1 - 'Ftree::FamilyTreeBase-&gt;new' isa 'Ftree::FamilyTreeBase'"></testcase>
    <testcase name="(teardown)" time="0.00705504417419434" />
    <system-out><![CDATA[1..1
ok 1 - 'Ftree::FamilyTreeBase->new' isa 'Ftree::FamilyTreeBase'
]]></system-out>
    <system-err></system-err>
  </testsuite>
  <testsuite tests="1"
             failures="0"
             errors="0"
             name="001_basic_03_Person_t"
             time="0.117879152297974">
    <testcase name="(init)" time="0.063939094543457" />
    <testcase time="0.049644947052002"
              name="1 - 'Ftree::Person-&gt;new({id =&gt; 'unknown_male'})' isa 'Ftree::Person'"></testcase>
    <testcase time="0.00429511070251465" name="(teardown)" />
    <system-out><![CDATA[1..1
ok 1 - 'Ftree::Person->new({id => 'unknown_male'})' isa 'Ftree::Person'
]]></system-out>
    <system-err></system-err>
  </testsuite>
  <testsuite time="0.116363048553467"
             errors="0"
             name="001_basic_04_Name_t"
             failures="0"
             tests="1">
    <testcase time="0.0629160404205322" name="(init)" />
    <testcase name="1 - 'Ftree::Name-&gt;new' isa 'Ftree::Name'" time="0.0489890575408936"></testcase>
    <testcase name="(teardown)" time="0.00445795059204102" />
    <system-out><![CDATA[1..1
ok 1 - 'Ftree::Name->new' isa 'Ftree::Name'
]]></system-out>
    <system-err></system-err>
  </testsuite>
</testsuites>